<?xml version="1.0" encoding="UTF-8"?>
<testng-results skipped="0" failed="0" total="1" passed="1">
  <reporter-output>
  </reporter-output>
  <suite name="Default suite" duration-ms="302594" started-at="2018-08-14T01:33:38Z" finished-at="2018-08-14T01:38:41Z">
    <groups>
    </groups>
    <test name="Default test" duration-ms="302594" started-at="2018-08-14T01:33:38Z" finished-at="2018-08-14T01:38:41Z">
      <class name="com.endToEndTest.EndToEndTest">
        <test-method status="PASS" signature="configBS()[pri:0, instance:com.endToEndTest.EndToEndTest@eec5a4a]" name="configBS" is-config="true" duration-ms="558" started-at="2018-08-14T07:03:38Z" finished-at="2018-08-14T07:03:38Z">
          <reporter-output>
          </reporter-output>
        </test-method> <!-- configBS -->
        <test-method status="PASS" signature="configBeforeClass()[pri:0, instance:com.endToEndTest.EndToEndTest@eec5a4a]" name="configBeforeClass" is-config="true" duration-ms="41142" started-at="2018-08-14T07:03:38Z" finished-at="2018-08-14T07:04:20Z">
          <reporter-output>
          </reporter-output>
        </test-method> <!-- configBeforeClass -->
        <test-method status="PASS" signature="configBeforeMethod()[pri:0, instance:com.endToEndTest.EndToEndTest@eec5a4a]" name="configBeforeMethod" is-config="true" duration-ms="44612" started-at="2018-08-14T07:04:20Z" finished-at="2018-08-14T07:05:04Z">
          <reporter-output>
          </reporter-output>
        </test-method> <!-- configBeforeMethod -->
        <test-method status="PASS" signature="createContactTest()[pri:0, instance:com.endToEndTest.EndToEndTest@eec5a4a]" name="createContactTest" duration-ms="212286" started-at="2018-08-14T07:05:04Z" finished-at="2018-08-14T07:08:37Z">
          <reporter-output>
          </reporter-output>
        </test-method> <!-- createContactTest -->
        <test-method status="PASS" signature="configAfterMethod()[pri:0, instance:com.endToEndTest.EndToEndTest@eec5a4a]" name="configAfterMethod" is-config="true" duration-ms="550" started-at="2018-08-14T07:08:37Z" finished-at="2018-08-14T07:08:37Z">
          <reporter-output>
          </reporter-output>
        </test-method> <!-- configAfterMethod -->
        <test-method status="PASS" signature="configAfterClass()[pri:0, instance:com.endToEndTest.EndToEndTest@eec5a4a]" name="configAfterClass" is-config="true" duration-ms="3984" started-at="2018-08-14T07:08:37Z" finished-at="2018-08-14T07:08:41Z">
          <reporter-output>
          </reporter-output>
        </test-method> <!-- configAfterClass -->
        <test-method status="PASS" signature="configAS()[pri:0, instance:com.endToEndTest.EndToEndTest@eec5a4a]" name="configAS" is-config="true" duration-ms="828" started-at="2018-08-14T07:08:41Z" finished-at="2018-08-14T07:08:42Z">
          <reporter-output>
          </reporter-output>
        </test-method> <!-- configAS -->
      </class> <!-- com.endToEndTest.EndToEndTest -->
    </test> <!-- Default test -->
  </suite> <!-- Default suite -->
</testng-results>
